<?xml version="1.0" encoding="UTF-8"?>
<testng-results skipped="0" failed="0" ignored="0" total="1" passed="1">
  <reporter-output>
  </reporter-output>
  <suite name="Surefire suite" duration-ms="9844" started-at="2020-04-14T07:18:22Z" finished-at="2020-04-14T07:18:32Z">
    <groups>
      <group name="cucumber">
        <method signature="AbstractTestNGCucumberTests.feature(cucumber.api.testng.CucumberFeatureWrapper)[pri:0, instance:Parallel06IT@2b98378d]" name="feature" class="cucumber.api.testng.AbstractTestNGCucumberTests"/>
      </group> <!-- cucumber -->
    </groups>
    <test name="Surefire test" duration-ms="9844" started-at="2020-04-14T07:18:22Z" finished-at="2020-04-14T07:18:32Z">
      <class name="Parallel06IT">
        <test-method status="PASS" signature="setUpClass()[pri:0, instance:Parallel06IT@2b98378d]" name="setUpClass" is-config="true" duration-ms="216" started-at="2020-04-14T07:18:22Z" finished-at="2020-04-14T07:18:22Z">
          <reporter-output>
          </reporter-output>
        </test-method> <!-- setUpClass -->
        <test-method status="PASS" signature="feature(cucumber.api.testng.CucumberFeatureWrapper)[pri:0, instance:Parallel06IT@2b98378d]" name="feature" duration-ms="9507" started-at="2020-04-14T07:18:22Z" description="Runs Cucumber Feature" data-provider="features" finished-at="2020-04-14T07:18:32Z">
          <params>
            <param index="0">
              <value>
                <![CDATA[Verify Apigee v3 Search functionality]]>
              </value>
            </param>
          </params>
          <reporter-output>
          </reporter-output>
        </test-method> <!-- feature -->
        <test-method status="PASS" signature="tearDownClass()[pri:0, instance:Parallel06IT@2b98378d]" name="tearDownClass" is-config="true" duration-ms="26" started-at="2020-04-14T07:18:32Z" finished-at="2020-04-14T07:18:32Z">
          <reporter-output>
          </reporter-output>
        </test-method> <!-- tearDownClass -->
      </class> <!-- Parallel06IT -->
    </test> <!-- Surefire test -->
  </suite> <!-- Surefire suite -->
</testng-results>
