<?xml version="1.0" encoding="UTF-8"?>
<testng-results skipped="0" failed="0" ignored="0" total="1" passed="1">
  <reporter-output>
  </reporter-output>
  <suite name="Surefire suite" duration-ms="4347" started-at="2020-04-27T03:29:57Z" finished-at="2020-04-27T03:30:01Z">
    <groups>
      <group name="cucumber">
        <method signature="AbstractTestNGCucumberTests.feature(cucumber.api.testng.CucumberFeatureWrapper)[pri:0, instance:Parallel01IT@2b98378d]" name="feature" class="cucumber.api.testng.AbstractTestNGCucumberTests"/>
      </group> <!-- cucumber -->
    </groups>
    <test name="Surefire test" duration-ms="4347" started-at="2020-04-27T03:29:57Z" finished-at="2020-04-27T03:30:01Z">
      <class name="Parallel01IT">
        <test-method status="PASS" signature="setUpClass()[pri:0, instance:Parallel01IT@2b98378d]" name="setUpClass" is-config="true" duration-ms="180" started-at="2020-04-27T03:29:57Z" finished-at="2020-04-27T03:29:57Z">
          <reporter-output>
          </reporter-output>
        </test-method> <!-- setUpClass -->
        <test-method status="PASS" signature="feature(cucumber.api.testng.CucumberFeatureWrapper)[pri:0, instance:Parallel01IT@2b98378d]" name="feature" duration-ms="4003" started-at="2020-04-27T03:29:57Z" description="Runs Cucumber Feature" data-provider="features" finished-at="2020-04-27T03:30:01Z">
          <params>
            <param index="0">
              <value>
                <![CDATA[Verify the Specials components in Online mode for logged-in user]]>
              </value>
            </param>
          </params>
          <reporter-output>
          </reporter-output>
        </test-method> <!-- feature -->
        <test-method status="PASS" signature="tearDownClass()[pri:0, instance:Parallel01IT@2b98378d]" name="tearDownClass" is-config="true" duration-ms="76" started-at="2020-04-27T03:30:01Z" finished-at="2020-04-27T03:30:01Z">
          <reporter-output>
          </reporter-output>
        </test-method> <!-- tearDownClass -->
      </class> <!-- Parallel01IT -->
    </test> <!-- Surefire test -->
  </suite> <!-- Surefire suite -->
</testng-results>
